This file contains any messages produced by compilers while
running configure, to aid debugging if configure makes a mistake.

It was created by platform configure 0.5, which was
generated by GNU Autoconf 2.63.  Invocation command line was

  $ ./configure --prefix=/Users/r0ssar00/test_install

## --------- ##
## Platform. ##
## --------- ##

hostname = Archimedes
uname -m = i386
uname -r = 9.7.0
uname -s = Darwin
uname -v = Darwin Kernel Version 9.7.0: Tue Mar 31 22:52:17 PDT 2009; root:xnu-1228.12.14~1/RELEASE_I386

/usr/bin/uname -p = i386
/bin/uname -X     = unknown

/bin/arch              = unknown
/usr/bin/arch -k       = unknown
/usr/convex/getsysinfo = unknown
/usr/bin/hostinfo      = Mach kernel version:
	 Darwin Kernel Version 9.7.0: Tue Mar 31 22:52:17 PDT 2009; root:xnu-1228.12.14~1/RELEASE_I386
Kernel configured for up to 2 processors.
2 processors are physically available.
2 processors are logically available.
Processor type: i486 (Intel 80486)
Processors active: 0 1
Primary memory available: 4.00 gigabytes
Default processor set: 112 tasks, 485 threads, 2 processors
Load average: 2.36, Mach factor: 0.86
/bin/machine           = unknown
/usr/bin/oslevel       = unknown
/bin/universe          = unknown

PATH: /opt/local/bin
PATH: /Developer/SDKs/MacOSX10.5.sdk/usr/bin
PATH: /opt/local/libexec/ccache
PATH: /usr/bin
PATH: /bin
PATH: /usr/sbin
PATH: /sbin
PATH: /usr/local/bin
PATH: /usr/texbin
PATH: /usr/X11/bin
PATH: /usr/local/git/bin
PATH: /opt/local/bin
PATH: /opt/local/sbin
PATH: ~/bin
PATH: /Applications/Doxygen.app/Contents/Resources


## ----------- ##
## Core tests. ##
## ----------- ##

configure:2082: checking for a BSD-compatible install
configure:2150: result: /opt/local/bin/ginstall -c
configure:2161: checking whether build environment is sane
configure:2221: result: yes
configure:2362: checking for a thread-safe mkdir -p
configure:2401: result: /opt/local/bin/gmkdir -p
configure:2414: checking for gawk
configure:2444: result: no
configure:2414: checking for mawk
configure:2444: result: no
configure:2414: checking for nawk
configure:2444: result: no
configure:2414: checking for awk
configure:2430: found /usr/bin/awk
configure:2441: result: awk
configure:2452: checking whether make sets $(MAKE)
configure:2474: result: yes
configure:2565: checking for gawk
configure:2592: result: awk
configure:2661: checking for g++
configure:2677: found /usr/bin/g++
configure:2688: result: g++
configure:2715: checking for C++ compiler version
configure:2723: g++ --version >&5
i686-apple-darwin9-g++-4.0.1 (GCC) 4.0.1 (Apple Inc. build 5493)
Copyright (C) 2005 Free Software Foundation, Inc.
This is free software; see the source for copying conditions.  There is NO
warranty; not even for MERCHANTABILITY or FITNESS FOR A PARTICULAR PURPOSE.

configure:2727: $? = 0
configure:2734: g++ -v >&5
Using built-in specs.
Target: i686-apple-darwin9
Configured with: /var/tmp/gcc/gcc-5493~1/src/configure --disable-checking -enable-werror --prefix=/usr --mandir=/share/man --enable-languages=c,objc,c++,obj-c++ --program-transform-name=/^[cg][^.-]*$/s/$/-4.0/ --with-gxx-include-dir=/include/c++/4.0.0 --with-slibdir=/usr/lib --build=i686-apple-darwin9 --with-arch=apple --with-tune=generic --host=i686-apple-darwin9 --target=i686-apple-darwin9
Thread model: posix
gcc version 4.0.1 (Apple Inc. build 5493)
configure:2738: $? = 0
configure:2745: g++ -V >&5
g++-4.0: argument to `-V' is missing
configure:2749: $? = 1
configure:2772: checking for C++ compiler default output file name
configure:2794: g++    conftest.cpp  >&5
configure:2798: $? = 0
configure:2836: result: a.out
configure:2855: checking whether the C++ compiler works
configure:2865: ./a.out
configure:2869: $? = 0
configure:2888: result: yes
configure:2895: checking whether we are cross compiling
configure:2897: result: no
configure:2900: checking for suffix of executables
configure:2907: g++ -o conftest    conftest.cpp  >&5
configure:2911: $? = 0
configure:2937: result: 
configure:2943: checking for suffix of object files
configure:2969: g++ -c   conftest.cpp >&5
configure:2973: $? = 0
configure:2998: result: o
configure:3002: checking whether we are using the GNU C++ compiler
configure:3031: g++ -c   conftest.cpp >&5
configure:3038: $? = 0
configure:3055: result: yes
configure:3064: checking whether g++ accepts -g
configure:3094: g++ -c -g  conftest.cpp >&5
configure:3101: $? = 0
configure:3202: result: yes
configure:3236: checking for style of include used by make
configure:3264: result: GNU
configure:3289: checking dependency style of g++
configure:3399: result: gcc3
configure:3462: checking for gcc
configure:3478: found /usr/bin/gcc
configure:3489: result: gcc
configure:3721: checking for C compiler version
configure:3729: gcc --version >&5
i686-apple-darwin9-gcc-4.0.1 (GCC) 4.0.1 (Apple Inc. build 5493)
Copyright (C) 2005 Free Software Foundation, Inc.
This is free software; see the source for copying conditions.  There is NO
warranty; not even for MERCHANTABILITY or FITNESS FOR A PARTICULAR PURPOSE.

configure:3733: $? = 0
configure:3740: gcc -v >&5
Using built-in specs.
Target: i686-apple-darwin9
Configured with: /var/tmp/gcc/gcc-5493~1/src/configure --disable-checking -enable-werror --prefix=/usr --mandir=/share/man --enable-languages=c,objc,c++,obj-c++ --program-transform-name=/^[cg][^.-]*$/s/$/-4.0/ --with-gxx-include-dir=/include/c++/4.0.0 --with-slibdir=/usr/lib --build=i686-apple-darwin9 --with-arch=apple --with-tune=generic --host=i686-apple-darwin9 --target=i686-apple-darwin9
Thread model: posix
gcc version 4.0.1 (Apple Inc. build 5493)
configure:3744: $? = 0
configure:3751: gcc -V >&5
gcc-4.0: argument to `-V' is missing
configure:3755: $? = 1
configure:3758: checking whether we are using the GNU C compiler
configure:3787: gcc -c   conftest.c >&5
configure:3794: $? = 0
configure:3811: result: yes
configure:3820: checking whether gcc accepts -g
configure:3850: gcc -c -g  conftest.c >&5
configure:3857: $? = 0
configure:3958: result: yes
configure:3975: checking for gcc option to accept ISO C89
configure:4049: gcc  -c -g -O2  conftest.c >&5
configure:4056: $? = 0
configure:4079: result: none needed
configure:4099: checking dependency style of gcc
configure:4209: result: gcc3
configure:4238: checking for a BSD-compatible install
configure:4306: result: /opt/local/bin/ginstall -c
configure:4348: checking build system type
configure:4366: result: i386-apple-darwin9.7.0
configure:4388: checking host system type
configure:4403: result: i386-apple-darwin9.7.0
configure:4425: checking for a sed that does not truncate output
configure:4491: result: /usr/bin/sed
configure:4509: checking for grep that handles long lines and -e
configure:4569: result: /usr/bin/grep
configure:4574: checking for egrep
configure:4638: result: /usr/bin/grep -E
configure:4643: checking for fgrep
configure:4707: result: /usr/bin/grep -F
configure:4742: checking for ld used by gcc
configure:4809: result: /usr/libexec/gcc/i686-apple-darwin9/4.0.1/ld
configure:4818: checking if the linker (/usr/libexec/gcc/i686-apple-darwin9/4.0.1/ld) is GNU ld
configure:4833: result: no
configure:4845: checking for BSD- or MS-compatible name lister (nm)
configure:4894: result: /usr/bin/nm -p
configure:5012: checking the name lister (/usr/bin/nm -p) interface
configure:5019: gcc -c -g -O2  conftest.c >&5
configure:5022: /usr/bin/nm -p "conftest.o"
configure:5025: output
0000016c D _some_variable
configure:5032: result: BSD nm
configure:5035: checking whether ln -s works
configure:5039: result: yes
configure:5047: checking the maximum length of command line arguments
configure:5167: result: 196608
configure:5184: checking whether the shell understands some XSI constructs
configure:5194: result: yes
configure:5198: checking whether the shell understands "+="
configure:5204: result: yes
configure:5239: checking for /usr/libexec/gcc/i686-apple-darwin9/4.0.1/ld option to reload object files
configure:5246: result: -r
configure:5315: checking for objdump
configure:5345: result: no
configure:5374: checking how to recognize dependent libraries
configure:5570: result: pass_all
configure:5630: checking for ar
configure:5646: found /usr/bin/ar
configure:5657: result: ar
configure:5735: checking for strip
configure:5751: found /usr/bin/strip
configure:5762: result: strip
configure:5834: checking for ranlib
configure:5850: found /usr/bin/ranlib
configure:5861: result: ranlib
configure:5951: checking command to parse /usr/bin/nm -p output from gcc object
configure:6069: gcc -c -g -O2  conftest.c >&5
configure:6072: $? = 0
configure:6076: /usr/bin/nm -p conftest.o \| sed -n -e 's/^.*[	 ]\([BCDEGRST][BCDEGRST]*\)[	 ][	 ]*\([_A-Za-z][_A-Za-z0-9]*\)$/\1 \2 \2/p' \> conftest.nm
configure:6079: $? = 0
cannot find nm_test_var in conftest.nm
configure:6069: gcc -c -g -O2  conftest.c >&5
configure:6072: $? = 0
configure:6076: /usr/bin/nm -p conftest.o \| sed -n -e 's/^.*[	 ]\([BCDEGRST][BCDEGRST]*\)[	 ][	 ]*_\([_A-Za-z][_A-Za-z0-9]*\)$/\1 _\2 \2/p' \> conftest.nm
configure:6079: $? = 0
configure:6133: gcc -o conftest -g -O2   conftest.c conftstm.o >&5
configure:6136: $? = 0
configure:6174: result: ok
configure:6468: checking for dsymutil
configure:6484: found /usr/bin/dsymutil
configure:6495: result: dsymutil
configure:6560: checking for nmedit
configure:6576: found /usr/bin/nmedit
configure:6587: result: nmedit
configure:6652: checking for lipo
configure:6668: found /usr/bin/lipo
configure:6679: result: lipo
configure:6744: checking for otool
configure:6760: found /usr/bin/otool
configure:6771: result: otool
configure:6836: checking for otool64
configure:6866: result: no
configure:6911: checking for -single_module linker flag
gcc -g -O2  -o libconftest.dylib -dynamiclib -Wl,-single_module conftest.c
configure:6938: result: yes
configure:6940: checking for -exported_symbols_list linker flag
configure:6970: gcc -o conftest -g -O2   -Wl,-exported_symbols_list,conftest.sym conftest.c  >&5
configure:6977: $? = 0
configure:6999: result: yes
configure:7041: checking how to run the C preprocessor
configure:7081: gcc -E  conftest.c
configure:7088: $? = 0
configure:7119: gcc -E  conftest.c
conftest.c:10:28: error: ac_nonexistent.h: No such file or directory
configure:7126: $? = 1
configure: failed program was:
| /* confdefs.h.  */
| #define PACKAGE_NAME "platform"
| #define PACKAGE_TARNAME "platform"
| #define PACKAGE_VERSION "0.5"
| #define PACKAGE_STRING "platform 0.5"
| #define PACKAGE_BUGREPORT "r0ssar00@gmail.com"
| #define PACKAGE "platform"
| #define VERSION "0.5"
| /* end confdefs.h.  */
| #include <ac_nonexistent.h>
configure:7159: result: gcc -E
configure:7188: gcc -E  conftest.c
configure:7195: $? = 0
configure:7226: gcc -E  conftest.c
conftest.c:10:28: error: ac_nonexistent.h: No such file or directory
configure:7233: $? = 1
configure: failed program was:
| /* confdefs.h.  */
| #define PACKAGE_NAME "platform"
| #define PACKAGE_TARNAME "platform"
| #define PACKAGE_VERSION "0.5"
| #define PACKAGE_STRING "platform 0.5"
| #define PACKAGE_BUGREPORT "r0ssar00@gmail.com"
| #define PACKAGE "platform"
| #define VERSION "0.5"
| /* end confdefs.h.  */
| #include <ac_nonexistent.h>
configure:7273: checking for ANSI C header files
configure:7303: gcc -c -g -O2  conftest.c >&5
configure:7310: $? = 0
configure:7409: gcc -o conftest -g -O2   conftest.c  >&5
configure:7413: $? = 0
configure:7419: ./conftest
configure:7423: $? = 0
configure:7441: result: yes
configure:7465: checking for sys/types.h
configure:7486: gcc -c -g -O2  conftest.c >&5
configure:7493: $? = 0
configure:7510: result: yes
configure:7465: checking for sys/stat.h
configure:7486: gcc -c -g -O2  conftest.c >&5
configure:7493: $? = 0
configure:7510: result: yes
configure:7465: checking for stdlib.h
configure:7486: gcc -c -g -O2  conftest.c >&5
configure:7493: $? = 0
configure:7510: result: yes
configure:7465: checking for string.h
configure:7486: gcc -c -g -O2  conftest.c >&5
configure:7493: $? = 0
configure:7510: result: yes
configure:7465: checking for memory.h
configure:7486: gcc -c -g -O2  conftest.c >&5
configure:7493: $? = 0
configure:7510: result: yes
configure:7465: checking for strings.h
configure:7486: gcc -c -g -O2  conftest.c >&5
configure:7493: $? = 0
configure:7510: result: yes
configure:7465: checking for inttypes.h
configure:7486: gcc -c -g -O2  conftest.c >&5
configure:7493: $? = 0
configure:7510: result: yes
configure:7465: checking for stdint.h
configure:7486: gcc -c -g -O2  conftest.c >&5
configure:7493: $? = 0
configure:7510: result: yes
configure:7465: checking for unistd.h
configure:7486: gcc -c -g -O2  conftest.c >&5
configure:7493: $? = 0
configure:7510: result: yes
configure:7528: checking for dlfcn.h
configure:7549: gcc -c -g -O2  conftest.c >&5
configure:7556: $? = 0
configure:7573: result: yes
configure:7700: checking for C++ compiler version
configure:7708: g++ --version >&5
i686-apple-darwin9-g++-4.0.1 (GCC) 4.0.1 (Apple Inc. build 5493)
Copyright (C) 2005 Free Software Foundation, Inc.
This is free software; see the source for copying conditions.  There is NO
warranty; not even for MERCHANTABILITY or FITNESS FOR A PARTICULAR PURPOSE.

configure:7712: $? = 0
configure:7719: g++ -v >&5
Using built-in specs.
Target: i686-apple-darwin9
Configured with: /var/tmp/gcc/gcc-5493~1/src/configure --disable-checking -enable-werror --prefix=/usr --mandir=/share/man --enable-languages=c,objc,c++,obj-c++ --program-transform-name=/^[cg][^.-]*$/s/$/-4.0/ --with-gxx-include-dir=/include/c++/4.0.0 --with-slibdir=/usr/lib --build=i686-apple-darwin9 --with-arch=apple --with-tune=generic --host=i686-apple-darwin9 --target=i686-apple-darwin9
Thread model: posix
gcc version 4.0.1 (Apple Inc. build 5493)
configure:7723: $? = 0
configure:7730: g++ -V >&5
g++-4.0: argument to `-V' is missing
configure:7734: $? = 1
configure:7737: checking whether we are using the GNU C++ compiler
configure:7790: result: yes
configure:7799: checking whether g++ accepts -g
configure:7937: result: yes
configure:7962: checking dependency style of g++
configure:8072: result: gcc3
configure:8095: checking how to run the C++ preprocessor
configure:8131: g++ -E  conftest.cpp
configure:8138: $? = 0
configure:8169: g++ -E  conftest.cpp
conftest.cpp:21:28: error: ac_nonexistent.h: No such file or directory
configure:8176: $? = 1
configure: failed program was:
| /* confdefs.h.  */
| #define PACKAGE_NAME "platform"
| #define PACKAGE_TARNAME "platform"
| #define PACKAGE_VERSION "0.5"
| #define PACKAGE_STRING "platform 0.5"
| #define PACKAGE_BUGREPORT "r0ssar00@gmail.com"
| #define PACKAGE "platform"
| #define VERSION "0.5"
| #define STDC_HEADERS 1
| #define HAVE_SYS_TYPES_H 1
| #define HAVE_SYS_STAT_H 1
| #define HAVE_STDLIB_H 1
| #define HAVE_STRING_H 1
| #define HAVE_MEMORY_H 1
| #define HAVE_STRINGS_H 1
| #define HAVE_INTTYPES_H 1
| #define HAVE_STDINT_H 1
| #define HAVE_UNISTD_H 1
| #define HAVE_DLFCN_H 1
| /* end confdefs.h.  */
| #include <ac_nonexistent.h>
configure:8209: result: g++ -E
configure:8238: g++ -E  conftest.cpp
configure:8245: $? = 0
configure:8276: g++ -E  conftest.cpp
conftest.cpp:21:28: error: ac_nonexistent.h: No such file or directory
configure:8283: $? = 1
configure: failed program was:
| /* confdefs.h.  */
| #define PACKAGE_NAME "platform"
| #define PACKAGE_TARNAME "platform"
| #define PACKAGE_VERSION "0.5"
| #define PACKAGE_STRING "platform 0.5"
| #define PACKAGE_BUGREPORT "r0ssar00@gmail.com"
| #define PACKAGE "platform"
| #define VERSION "0.5"
| #define STDC_HEADERS 1
| #define HAVE_SYS_TYPES_H 1
| #define HAVE_SYS_STAT_H 1
| #define HAVE_STDLIB_H 1
| #define HAVE_STRING_H 1
| #define HAVE_MEMORY_H 1
| #define HAVE_STRINGS_H 1
| #define HAVE_INTTYPES_H 1
| #define HAVE_STDINT_H 1
| #define HAVE_UNISTD_H 1
| #define HAVE_DLFCN_H 1
| /* end confdefs.h.  */
| #include <ac_nonexistent.h>
configure:8497: checking for objdir
configure:8512: result: .libs
configure:8808: checking if gcc supports -fno-rtti -fno-exceptions
configure:8826: gcc -c -g -O2  -fno-rtti -fno-exceptions conftest.c >&5
cc1: warning: command line option "-fno-rtti" is valid for C++/ObjC++ but not for C
configure:8830: $? = 0
configure:8843: result: no
configure:8863: checking for gcc option to produce PIC
configure:9135: result: -fno-common -DPIC
configure:9147: checking if gcc PIC flag -fno-common -DPIC works
configure:9165: gcc -c -g -O2  -fno-common -DPIC -DPIC conftest.c >&5
configure:9169: $? = 0
configure:9182: result: yes
configure:9206: checking if gcc static flag -static works
configure:9234: result: no
configure:9249: checking if gcc supports -c -o file.o
configure:9270: gcc -c -g -O2  -o out/conftest2.o conftest.c >&5
configure:9274: $? = 0
configure:9296: result: yes
configure:9304: checking if gcc supports -c -o file.o
configure:9351: result: yes
configure:9384: checking whether the gcc linker (/usr/libexec/gcc/i686-apple-darwin9/4.0.1/ld) supports shared libraries
configure:10458: result: yes
configure:10697: checking dynamic linker characteristics
configure:11380: result: darwin9.7.0 dyld
configure:11482: checking how to hardcode library paths into programs
configure:11507: result: immediate
configure:12340: checking whether stripping libraries is possible
configure:12354: result: yes
configure:12380: checking if libtool supports shared libraries
configure:12382: result: yes
configure:12385: checking whether to build shared libraries
configure:12406: result: yes
configure:12409: checking whether to build static libraries
configure:12413: result: yes
configure:12563: checking for ld used by g++
configure:12630: result: /usr/libexec/gcc/i686-apple-darwin9/4.0.1/ld
configure:12639: checking if the linker (/usr/libexec/gcc/i686-apple-darwin9/4.0.1/ld) is GNU ld
configure:12654: result: no
configure:12709: checking whether the g++ linker (/usr/libexec/gcc/i686-apple-darwin9/4.0.1/ld) supports shared libraries
configure:13684: result: yes
configure:13712: g++ -c -g -O2  conftest.cpp >&5
configure:13715: $? = 0
configure:13897: checking for g++ option to produce PIC
configure:14214: result: -fno-common -DPIC
configure:14223: checking if g++ PIC flag -fno-common -DPIC works
configure:14241: g++ -c -g -O2  -fno-common -DPIC -DPIC conftest.cpp >&5
configure:14245: $? = 0
configure:14258: result: yes
configure:14279: checking if g++ static flag -static works
configure:14307: result: no
configure:14319: checking if g++ supports -c -o file.o
configure:14340: g++ -c -g -O2  -o out/conftest2.o conftest.cpp >&5
configure:14344: $? = 0
configure:14366: result: yes
configure:14371: checking if g++ supports -c -o file.o
configure:14418: result: yes
configure:14448: checking whether the g++ linker (/usr/libexec/gcc/i686-apple-darwin9/4.0.1/ld) supports shared libraries
configure:14474: result: yes
configure:14611: checking dynamic linker characteristics
configure:15242: result: darwin9.7.0 dyld
configure:15293: checking how to hardcode library paths into programs
configure:15318: result: immediate
configure:15377: checking for a thread-safe mkdir -p
configure:15416: result: /opt/local/bin/gmkdir -p
configure:15539: checking for C++ compiler version
configure:15547: g++ --version >&5
i686-apple-darwin9-g++-4.0.1 (GCC) 4.0.1 (Apple Inc. build 5493)
Copyright (C) 2005 Free Software Foundation, Inc.
This is free software; see the source for copying conditions.  There is NO
warranty; not even for MERCHANTABILITY or FITNESS FOR A PARTICULAR PURPOSE.

configure:15551: $? = 0
configure:15558: g++ -v >&5
Using built-in specs.
Target: i686-apple-darwin9
Configured with: /var/tmp/gcc/gcc-5493~1/src/configure --disable-checking -enable-werror --prefix=/usr --mandir=/share/man --enable-languages=c,objc,c++,obj-c++ --program-transform-name=/^[cg][^.-]*$/s/$/-4.0/ --with-gxx-include-dir=/include/c++/4.0.0 --with-slibdir=/usr/lib --build=i686-apple-darwin9 --with-arch=apple --with-tune=generic --host=i686-apple-darwin9 --target=i686-apple-darwin9
Thread model: posix
gcc version 4.0.1 (Apple Inc. build 5493)
configure:15562: $? = 0
configure:15569: g++ -V >&5
g++-4.0: argument to `-V' is missing
configure:15573: $? = 1
configure:15576: checking whether we are using the GNU C++ compiler
configure:15629: result: yes
configure:15638: checking whether g++ accepts -g
configure:15776: result: yes
configure:15801: checking dependency style of g++
configure:15911: result: gcc3
configure:15931: checking for ANSI C header files
configure:16099: result: yes
configure:16121: checking sqlite3.h usability
configure:16138: g++ -c -g -O2  conftest.cpp >&5
configure:16145: $? = 0
configure:16159: result: yes
configure:16163: checking sqlite3.h presence
configure:16178: g++ -E  conftest.cpp
configure:16185: $? = 0
configure:16199: result: yes
configure:16232: checking for sqlite3.h
configure:16239: result: yes
configure:16262: checking cc++/common.h usability
configure:16279: g++ -c -g -O2  conftest.cpp >&5
configure:16286: $? = 0
configure:16300: result: yes
configure:16304: checking cc++/common.h presence
configure:16319: g++ -E  conftest.cpp
configure:16326: $? = 0
configure:16340: result: yes
configure:16373: checking for cc++/common.h
configure:16380: result: yes
configure:16395: checking for stdbool.h that conforms to C99
configure:16490: g++ -c -g -O2  conftest.cpp >&5
configure:16497: $? = 0
configure:16512: result: yes
configure:16514: checking for _Bool
configure:16542: g++ -c -g -O2  conftest.cpp >&5
conftest.cpp: In function 'int main()':
conftest.cpp:59: error: '_Bool' was not declared in this scope
configure:16549: $? = 1
configure: failed program was:
| /* confdefs.h.  */
| #define PACKAGE_NAME "platform"
| #define PACKAGE_TARNAME "platform"
| #define PACKAGE_VERSION "0.5"
| #define PACKAGE_STRING "platform 0.5"
| #define PACKAGE_BUGREPORT "r0ssar00@gmail.com"
| #define PACKAGE "platform"
| #define VERSION "0.5"
| #define STDC_HEADERS 1
| #define HAVE_SYS_TYPES_H 1
| #define HAVE_SYS_STAT_H 1
| #define HAVE_STDLIB_H 1
| #define HAVE_STRING_H 1
| #define HAVE_MEMORY_H 1
| #define HAVE_STRINGS_H 1
| #define HAVE_INTTYPES_H 1
| #define HAVE_STDINT_H 1
| #define HAVE_UNISTD_H 1
| #define HAVE_DLFCN_H 1
| #define LT_OBJDIR ".libs/"
| #define STDC_HEADERS 1
| /* end confdefs.h.  */
| #include <stdio.h>
| #ifdef HAVE_SYS_TYPES_H
| # include <sys/types.h>
| #endif
| #ifdef HAVE_SYS_STAT_H
| # include <sys/stat.h>
| #endif
| #ifdef STDC_HEADERS
| # include <stdlib.h>
| # include <stddef.h>
| #else
| # ifdef HAVE_STDLIB_H
| #  include <stdlib.h>
| # endif
| #endif
| #ifdef HAVE_STRING_H
| # if !defined STDC_HEADERS && defined HAVE_MEMORY_H
| #  include <memory.h>
| # endif
| # include <string.h>
| #endif
| #ifdef HAVE_STRINGS_H
| # include <strings.h>
| #endif
| #ifdef HAVE_INTTYPES_H
| # include <inttypes.h>
| #endif
| #ifdef HAVE_STDINT_H
| # include <stdint.h>
| #endif
| #ifdef HAVE_UNISTD_H
| # include <unistd.h>
| #endif
| int
| main ()
| {
| if (sizeof (_Bool))
|        return 0;
|   ;
|   return 0;
| }
configure:16606: result: no
configure:16626: checking for int64_t
configure:16657: g++ -c -g -O2  conftest.cpp >&5
configure:16664: $? = 0
configure:16693: g++ -c -g -O2  conftest.cpp >&5
conftest.cpp: In function 'int main()':
conftest.cpp:61: error: size of array 'test_array' is negative
configure:16700: $? = 1
configure: failed program was:
| /* confdefs.h.  */
| #define PACKAGE_NAME "platform"
| #define PACKAGE_TARNAME "platform"
| #define PACKAGE_VERSION "0.5"
| #define PACKAGE_STRING "platform 0.5"
| #define PACKAGE_BUGREPORT "r0ssar00@gmail.com"
| #define PACKAGE "platform"
| #define VERSION "0.5"
| #define STDC_HEADERS 1
| #define HAVE_SYS_TYPES_H 1
| #define HAVE_SYS_STAT_H 1
| #define HAVE_STDLIB_H 1
| #define HAVE_STRING_H 1
| #define HAVE_MEMORY_H 1
| #define HAVE_STRINGS_H 1
| #define HAVE_INTTYPES_H 1
| #define HAVE_STDINT_H 1
| #define HAVE_UNISTD_H 1
| #define HAVE_DLFCN_H 1
| #define LT_OBJDIR ".libs/"
| #define STDC_HEADERS 1
| #define HAVE_STDBOOL_H 1
| /* end confdefs.h.  */
| #include <stdio.h>
| #ifdef HAVE_SYS_TYPES_H
| # include <sys/types.h>
| #endif
| #ifdef HAVE_SYS_STAT_H
| # include <sys/stat.h>
| #endif
| #ifdef STDC_HEADERS
| # include <stdlib.h>
| # include <stddef.h>
| #else
| # ifdef HAVE_STDLIB_H
| #  include <stdlib.h>
| # endif
| #endif
| #ifdef HAVE_STRING_H
| # if !defined STDC_HEADERS && defined HAVE_MEMORY_H
| #  include <memory.h>
| # endif
| # include <string.h>
| #endif
| #ifdef HAVE_STRINGS_H
| # include <strings.h>
| #endif
| #ifdef HAVE_INTTYPES_H
| # include <inttypes.h>
| #endif
| #ifdef HAVE_STDINT_H
| # include <stdint.h>
| #endif
| #ifdef HAVE_UNISTD_H
| # include <unistd.h>
| #endif
| int
| main ()
| {
| static int test_array [1 - 2 * !((int64_t) ((((int64_t) 1 << (64 - 2)) - 1) * 2 + 1)
| 		 < (int64_t) ((((int64_t) 1 << (64 - 2)) - 1) * 2 + 2))];
| test_array [0] = 0
| 
|   ;
|   return 0;
| }
configure:16729: result: yes
configure:16741: checking for size_t
configure:16769: g++ -c -g -O2  conftest.cpp >&5
configure:16776: $? = 0
configure:16803: g++ -c -g -O2  conftest.cpp >&5
conftest.cpp: In function 'int main()':
conftest.cpp:60: error: expected primary-expression before ')' token
configure:16810: $? = 1
configure: failed program was:
| /* confdefs.h.  */
| #define PACKAGE_NAME "platform"
| #define PACKAGE_TARNAME "platform"
| #define PACKAGE_VERSION "0.5"
| #define PACKAGE_STRING "platform 0.5"
| #define PACKAGE_BUGREPORT "r0ssar00@gmail.com"
| #define PACKAGE "platform"
| #define VERSION "0.5"
| #define STDC_HEADERS 1
| #define HAVE_SYS_TYPES_H 1
| #define HAVE_SYS_STAT_H 1
| #define HAVE_STDLIB_H 1
| #define HAVE_STRING_H 1
| #define HAVE_MEMORY_H 1
| #define HAVE_STRINGS_H 1
| #define HAVE_INTTYPES_H 1
| #define HAVE_STDINT_H 1
| #define HAVE_UNISTD_H 1
| #define HAVE_DLFCN_H 1
| #define LT_OBJDIR ".libs/"
| #define STDC_HEADERS 1
| #define HAVE_STDBOOL_H 1
| /* end confdefs.h.  */
| #include <stdio.h>
| #ifdef HAVE_SYS_TYPES_H
| # include <sys/types.h>
| #endif
| #ifdef HAVE_SYS_STAT_H
| # include <sys/stat.h>
| #endif
| #ifdef STDC_HEADERS
| # include <stdlib.h>
| # include <stddef.h>
| #else
| # ifdef HAVE_STDLIB_H
| #  include <stdlib.h>
| # endif
| #endif
| #ifdef HAVE_STRING_H
| # if !defined STDC_HEADERS && defined HAVE_MEMORY_H
| #  include <memory.h>
| # endif
| # include <string.h>
| #endif
| #ifdef HAVE_STRINGS_H
| # include <strings.h>
| #endif
| #ifdef HAVE_INTTYPES_H
| # include <inttypes.h>
| #endif
| #ifdef HAVE_STDINT_H
| # include <stdint.h>
| #endif
| #ifdef HAVE_UNISTD_H
| # include <unistd.h>
| #endif
| int
| main ()
| {
| if (sizeof ((size_t)))
| 	  return 0;
|   ;
|   return 0;
| }
configure:16833: result: yes
configure:17031: creating ./config.status

## ---------------------- ##
## Running config.status. ##
## ---------------------- ##

This file was extended by platform config.status 0.5, which was
generated by GNU Autoconf 2.63.  Invocation command line was

  CONFIG_FILES    = 
  CONFIG_HEADERS  = 
  CONFIG_LINKS    = 
  CONFIG_COMMANDS = 
  $ ./config.status 

on Archimedes

config.status:966: creating Makefile
config.status:966: creating osx/Makefile
config.status:966: creating sqlite3x/Makefile
config.status:966: creating src/Makefile
config.status:1177: executing depfiles commands
config.status:1177: executing libtool commands

## ---------------- ##
## Cache variables. ##
## ---------------- ##

ac_cv_build=i386-apple-darwin9.7.0
ac_cv_c_compiler_gnu=yes
ac_cv_c_int64_t=yes
ac_cv_cxx_compiler_gnu=yes
ac_cv_env_CCC_set=
ac_cv_env_CCC_value=
ac_cv_env_CC_set=
ac_cv_env_CC_value=
ac_cv_env_CFLAGS_set=
ac_cv_env_CFLAGS_value=
ac_cv_env_CPPFLAGS_set=
ac_cv_env_CPPFLAGS_value=
ac_cv_env_CPP_set=
ac_cv_env_CPP_value=
ac_cv_env_CXXCPP_set=
ac_cv_env_CXXCPP_value=
ac_cv_env_CXXFLAGS_set=
ac_cv_env_CXXFLAGS_value=
ac_cv_env_CXX_set=
ac_cv_env_CXX_value=
ac_cv_env_LDFLAGS_set=
ac_cv_env_LDFLAGS_value=
ac_cv_env_LIBS_set=
ac_cv_env_LIBS_value=
ac_cv_env_build_alias_set=
ac_cv_env_build_alias_value=
ac_cv_env_host_alias_set=
ac_cv_env_host_alias_value=
ac_cv_env_target_alias_set=
ac_cv_env_target_alias_value=
ac_cv_header_ccpp_common_h=yes
ac_cv_header_dlfcn_h=yes
ac_cv_header_inttypes_h=yes
ac_cv_header_memory_h=yes
ac_cv_header_sqlite3_h=yes
ac_cv_header_stdbool_h=yes
ac_cv_header_stdc=yes
ac_cv_header_stdint_h=yes
ac_cv_header_stdlib_h=yes
ac_cv_header_string_h=yes
ac_cv_header_strings_h=yes
ac_cv_header_sys_stat_h=yes
ac_cv_header_sys_types_h=yes
ac_cv_header_unistd_h=yes
ac_cv_host=i386-apple-darwin9.7.0
ac_cv_objext=o
ac_cv_path_EGREP='/usr/bin/grep -E'
ac_cv_path_FGREP='/usr/bin/grep -F'
ac_cv_path_GREP=/usr/bin/grep
ac_cv_path_SED=/usr/bin/sed
ac_cv_path_install='/opt/local/bin/ginstall -c'
ac_cv_path_mkdir=/opt/local/bin/gmkdir
ac_cv_prog_AWK=awk
ac_cv_prog_CPP='gcc -E'
ac_cv_prog_CXXCPP='g++ -E'
ac_cv_prog_ac_ct_AR=ar
ac_cv_prog_ac_ct_CC=gcc
ac_cv_prog_ac_ct_CXX=g++
ac_cv_prog_ac_ct_DSYMUTIL=dsymutil
ac_cv_prog_ac_ct_LIPO=lipo
ac_cv_prog_ac_ct_NMEDIT=nmedit
ac_cv_prog_ac_ct_OTOOL=otool
ac_cv_prog_ac_ct_RANLIB=ranlib
ac_cv_prog_ac_ct_STRIP=strip
ac_cv_prog_cc_c89=
ac_cv_prog_cc_g=yes
ac_cv_prog_cxx_g=yes
ac_cv_prog_make_make_set=yes
ac_cv_type__Bool=no
ac_cv_type_size_t=yes
am_cv_CC_dependencies_compiler_type=gcc3
am_cv_CXX_dependencies_compiler_type=gcc3
lt_cv_apple_cc_single_mod=yes
lt_cv_deplibs_check_method=pass_all
lt_cv_file_magic_cmd='$MAGIC_CMD'
lt_cv_file_magic_test_file=
lt_cv_ld_exported_symbols_list=yes
lt_cv_ld_reload_flag=-r
lt_cv_nm_interface='BSD nm'
lt_cv_objdir=.libs
lt_cv_path_LD=/usr/libexec/gcc/i686-apple-darwin9/4.0.1/ld
lt_cv_path_LDCXX=/usr/libexec/gcc/i686-apple-darwin9/4.0.1/ld
lt_cv_path_NM='/usr/bin/nm -p'
lt_cv_prog_compiler_c_o=yes
lt_cv_prog_compiler_c_o_CXX=yes
lt_cv_prog_compiler_pic_works=yes
lt_cv_prog_compiler_pic_works_CXX=yes
lt_cv_prog_compiler_rtti_exceptions=no
lt_cv_prog_compiler_static_works=no
lt_cv_prog_compiler_static_works_CXX=no
lt_cv_prog_gnu_ld=no
lt_cv_prog_gnu_ldcxx=no
lt_cv_sys_global_symbol_pipe='sed -n -e '\''s/^.*[	 ]\([BCDEGRST][BCDEGRST]*\)[	 ][	 ]*_\([_A-Za-z][_A-Za-z0-9]*\)$/\1 _\2 \2/p'\'''
lt_cv_sys_global_symbol_to_c_name_address='sed -n -e '\''s/^: \([^ ]*\) $/  {\"\1\", (void *) 0},/p'\'' -e '\''s/^[BCDEGRST]* \([^ ]*\) \([^ ]*\)$/  {"\2", (void *) \&\2},/p'\'''
lt_cv_sys_global_symbol_to_c_name_address_lib_prefix='sed -n -e '\''s/^: \([^ ]*\) $/  {\"\1\", (void *) 0},/p'\'' -e '\''s/^[BCDEGRST]* \([^ ]*\) \(lib[^ ]*\)$/  {"\2", (void *) \&\2},/p'\'' -e '\''s/^[BCDEGRST]* \([^ ]*\) \([^ ]*\)$/  {"lib\2", (void *) \&\2},/p'\'''
lt_cv_sys_global_symbol_to_cdecl='sed -n -e '\''s/^T .* \(.*\)$/extern int \1();/p'\'' -e '\''s/^[BCDEGRST]* .* \(.*\)$/extern char \1;/p'\'''
lt_cv_sys_max_cmd_len=196608

## ----------------- ##
## Output variables. ##
## ----------------- ##

ACLOCAL='${SHELL} /Users/r0ssar00/Development/Git/platform/missing --run aclocal-1.11'
AMDEPBACKSLASH='\'
AMDEP_FALSE='#'
AMDEP_TRUE=''
AMTAR='${SHELL} /Users/r0ssar00/Development/Git/platform/missing --run tar'
AR='ar'
AUTOCONF='${SHELL} /Users/r0ssar00/Development/Git/platform/missing --run autoconf'
AUTOHEADER='${SHELL} /Users/r0ssar00/Development/Git/platform/missing --run autoheader'
AUTOMAKE='${SHELL} /Users/r0ssar00/Development/Git/platform/missing --run automake-1.11'
AWK='awk'
CC='gcc'
CCDEPMODE='depmode=gcc3'
CFLAGS='-g -O2'
CPP='gcc -E'
CPPFLAGS=''
CXX='g++'
CXXCPP='g++ -E'
CXXDEPMODE='depmode=gcc3'
CXXFLAGS='-g -O2'
CYGPATH_W='echo'
DEFS='-DPACKAGE_NAME=\"platform\" -DPACKAGE_TARNAME=\"platform\" -DPACKAGE_VERSION=\"0.5\" -DPACKAGE_STRING=\"platform\ 0.5\" -DPACKAGE_BUGREPORT=\"r0ssar00@gmail.com\" -DPACKAGE=\"platform\" -DVERSION=\"0.5\" -DSTDC_HEADERS=1 -DHAVE_SYS_TYPES_H=1 -DHAVE_SYS_STAT_H=1 -DHAVE_STDLIB_H=1 -DHAVE_STRING_H=1 -DHAVE_MEMORY_H=1 -DHAVE_STRINGS_H=1 -DHAVE_INTTYPES_H=1 -DHAVE_STDINT_H=1 -DHAVE_UNISTD_H=1 -DHAVE_DLFCN_H=1 -DLT_OBJDIR=\".libs/\" -DSTDC_HEADERS=1 -DHAVE_STDBOOL_H=1'
DEPDIR='.deps'
DSYMUTIL='dsymutil'
DUMPBIN=''
ECHO_C='\c'
ECHO_N=''
ECHO_T=''
EGREP='/usr/bin/grep -E'
EXEEXT=''
FGREP='/usr/bin/grep -F'
GREP='/usr/bin/grep'
INSTALL_DATA='${INSTALL} -m 644'
INSTALL_PROGRAM='${INSTALL}'
INSTALL_SCRIPT='${INSTALL}'
INSTALL_STRIP_PROGRAM='$(install_sh) -c -s'
LD='/usr/libexec/gcc/i686-apple-darwin9/4.0.1/ld'
LDFLAGS=''
LIBOBJS=''
LIBS=''
LIBTOOL='$(SHELL) $(top_builddir)/libtool'
LIPO='lipo'
LN_S='ln -s'
LTLIBOBJS=''
MAKEINFO='${SHELL} /Users/r0ssar00/Development/Git/platform/missing --run makeinfo'
MKDIR_P='/opt/local/bin/gmkdir -p'
NM='/usr/bin/nm -p'
NMEDIT='nmedit'
OBJDUMP='false'
OBJEXT='o'
OTOOL64=':'
OTOOL='otool'
PACKAGE='platform'
PACKAGE_BUGREPORT='r0ssar00@gmail.com'
PACKAGE_NAME='platform'
PACKAGE_STRING='platform 0.5'
PACKAGE_TARNAME='platform'
PACKAGE_VERSION='0.5'
PATH_SEPARATOR=':'
RANLIB='ranlib'
SED='/usr/bin/sed'
SET_MAKE=''
SHELL='/bin/sh'
STRIP='strip'
VERSION='0.5'
ac_ct_CC='gcc'
ac_ct_CXX='g++'
ac_ct_DUMPBIN=''
am__EXEEXT_FALSE=''
am__EXEEXT_TRUE='#'
am__fastdepCC_FALSE='#'
am__fastdepCC_TRUE=''
am__fastdepCXX_FALSE='#'
am__fastdepCXX_TRUE=''
am__include='include'
am__isrc=''
am__leading_dot='.'
am__quote=''
am__tar='${AMTAR} chof - "$$tardir"'
am__untar='${AMTAR} xf -'
bindir='${exec_prefix}/bin'
build='i386-apple-darwin9.7.0'
build_alias=''
build_cpu='i386'
build_os='darwin9.7.0'
build_vendor='apple'
datadir='${datarootdir}'
datarootdir='${prefix}/share'
docdir='${datarootdir}/doc/${PACKAGE_TARNAME}'
dvidir='${docdir}'
exec_prefix='${prefix}'
host='i386-apple-darwin9.7.0'
host_alias=''
host_cpu='i386'
host_os='darwin9.7.0'
host_vendor='apple'
htmldir='${docdir}'
includedir='${prefix}/include'
infodir='${datarootdir}/info'
install_sh='${SHELL} /Users/r0ssar00/Development/Git/platform/install-sh'
libdir='${exec_prefix}/lib'
libexecdir='${exec_prefix}/libexec'
localedir='${datarootdir}/locale'
localstatedir='${prefix}/var'
lt_ECHO='/bin/echo'
mandir='${datarootdir}/man'
mkdir_p='/opt/local/bin/gmkdir -p'
oldincludedir='/usr/include'
pdfdir='${docdir}'
prefix='/Users/r0ssar00/test_install'
program_transform_name='s,x,x,'
psdir='${docdir}'
sbindir='${exec_prefix}/sbin'
sharedstatedir='${prefix}/com'
sysconfdir='${prefix}/etc'
target_alias=''

## ----------- ##
## confdefs.h. ##
## ----------- ##

#define PACKAGE_NAME "platform"
#define PACKAGE_TARNAME "platform"
#define PACKAGE_VERSION "0.5"
#define PACKAGE_STRING "platform 0.5"
#define PACKAGE_BUGREPORT "r0ssar00@gmail.com"
#define PACKAGE "platform"
#define VERSION "0.5"
#define STDC_HEADERS 1
#define HAVE_SYS_TYPES_H 1
#define HAVE_SYS_STAT_H 1
#define HAVE_STDLIB_H 1
#define HAVE_STRING_H 1
#define HAVE_MEMORY_H 1
#define HAVE_STRINGS_H 1
#define HAVE_INTTYPES_H 1
#define HAVE_STDINT_H 1
#define HAVE_UNISTD_H 1
#define HAVE_DLFCN_H 1
#define LT_OBJDIR ".libs/"
#define STDC_HEADERS 1
#define HAVE_STDBOOL_H 1

configure: exit 0

## ---------------------- ##
## Running config.status. ##
## ---------------------- ##

This file was extended by platform config.status 0.5, which was
generated by GNU Autoconf 2.63.  Invocation command line was

  CONFIG_FILES    = 
  CONFIG_HEADERS  = 
  CONFIG_LINKS    = 
  CONFIG_COMMANDS = 
  $ ./config.status src/Makefile depfiles

on Archimedes

config.status:966: creating src/Makefile
config.status:1177: executing depfiles commands

## ---------------------- ##
## Running config.status. ##
## ---------------------- ##

This file was extended by platform config.status 0.5, which was
generated by GNU Autoconf 2.63.  Invocation command line was

  CONFIG_FILES    = 
  CONFIG_HEADERS  = 
  CONFIG_LINKS    = 
  CONFIG_COMMANDS = 
  $ ./config.status Makefile

on Archimedes

config.status:966: creating Makefile
